<?xml version="1.0" encoding="UTF-8"?>
<!-- Generated by org.testng.reporters.JUnitXMLReporter -->
<testsuite hostname="QHUY" ignored="2" name="Firefox Test flight home page" tests="5" failures="1" timestamp="24 Sep 2018 18:11:24 GMT" time="162.894" errors="0">
  <testcase name="Verify_There_Is_A_List_Of_Airline_Brands_That_User_Can_Select" time="43.181" classname="pageTests.FlightResultPageTest"/>
  <testcase name="Verify_There_Is_A_Progess_Bar_When_Ticket_Is_Being_Searched" time="11.276" classname="pageTests.FlightResultPageTest"/>
  <testcase name="Verify_User_Can_Get_Cheapest_Price_After_Selecting_An_Airline_Brand" time="55.403" classname="pageTests.FlightResultPageTest">
    <failure type="org.openqa.selenium.TimeoutException" message="Expected condition failed: waiting for visibility of element located by By.xpath: //div[@class=&amp;apos;main_search_fares_form&amp;apos;]/div[2]/div/div[3]/div[2]/div[2] (tried for 20 second(s) with 500 milliseconds interval)">
      <![CDATA[org.openqa.selenium.TimeoutException: Expected condition failed: waiting for visibility of element located by By.xpath: //div[@class='main_search_fares_form']/div[2]/div/div[3]/div[2]/div[2] (tried for 20 second(s) with 500 milliseconds interval)
at org.openqa.selenium.support.ui.WebDriverWait.timeoutException(WebDriverWait.java:81)
at org.openqa.selenium.support.ui.FluentWait.until(FluentWait.java:271)
at pageObjects.FlightHomePage.UserPickReturnDate(FlightHomePage.java:92)
at pageTests.FlightResultPageTest.Verify_User_Can_Get_Cheapest_Price_After_Selecting_An_Airline_Brand(FlightResultPageTest.java:54)
Caused by: org.openqa.selenium.NoSuchElementException: Cannot locate an element using By.xpath: //div[@class='main_search_fares_form']/div[2]/div/div[3]/div[2]/div[2]
For documentation on this error, please visit: http://seleniumhq.org/exceptions/no_such_element.html
Build info: version: '3.11.0', revision: 'e59cfb3', time: '2018-03-11T20:26:55.152Z'
System info: host: 'QHUY', ip: '172.16.77.96', os.name: 'Windows 7', os.arch: 'amd64', os.version: '6.1', java.version: '1.8.0_161'
Driver info: driver.version: unknown
at org.openqa.selenium.support.ui.ExpectedConditions.lambda$findElement$0(ExpectedConditions.java:896)
at java.util.Optional.orElseThrow(Optional.java:290)
at org.openqa.selenium.support.ui.ExpectedConditions.findElement(ExpectedConditions.java:895)
at org.openqa.selenium.support.ui.ExpectedConditions.access$000(ExpectedConditions.java:44)
at org.openqa.selenium.support.ui.ExpectedConditions$7.apply(ExpectedConditions.java:206)
at org.openqa.selenium.support.ui.ExpectedConditions$7.apply(ExpectedConditions.java:202)
at org.openqa.selenium.support.ui.FluentWait.until(FluentWait.java:248)
... 36 more
... Removed 34 stack frames]]>
    </failure>
  </testcase> <!-- Verify_User_Can_Get_Cheapest_Price_After_Selecting_An_Airline_Brand -->
  <testcase name="Verify_Page_Title_And_User_Is_Presented_At_Flight_Tab_In_Flight_Home_Page" time="0.058" classname="pageTests.FlightHomePageTest"/>
  <testcase name="Verify_User_Can_Select_Different_Business_Class" time="0.359" classname="pageTests.FlightHomePageTest"/>
  <testcase name="@BeforeSuite beforeSuite" time="0.0" classname="seleniumTests.BaseTestUsingTestNG">
    <ignored/>
  </testcase> <!-- @BeforeSuite beforeSuite -->
  <testcase name="@AfterSuite afterSuite" time="0.0" classname="seleniumTests.BaseTestUsingTestNG">
    <ignored/>
  </testcase> <!-- @AfterSuite afterSuite -->
</testsuite> <!-- Firefox Test flight home page -->
