<?xml version="1.0" encoding="UTF-8"?>
<testng-results skipped="0" failed="1" ignored="2" total="7" passed="4">
  <reporter-output>
  </reporter-output>
  <suite name="Suite" duration-ms="162894" started-at="2018-09-24T18:08:41Z" finished-at="2018-09-24T18:11:24Z">
    <groups>
    </groups>
    <test name="Firefox Test flight home page" duration-ms="162894" started-at="2018-09-24T18:08:41Z" finished-at="2018-09-24T18:11:24Z">
      <class name="pageTests.FlightHomePageTest">
        <test-method status="PASS" signature="beforeClass(java.lang.String)[pri:0, instance:pageTests.FlightHomePageTest@14a2f921]" name="beforeClass" is-config="true" duration-ms="7942" started-at="2018-09-24T18:11:07Z" finished-at="2018-09-24T18:11:14Z">
          <params>
            <param index="0">
              <value>
                <![CDATA[firefox]]>
              </value>
            </param>
          </params>
          <reporter-output>
          </reporter-output>
        </test-method> <!-- beforeClass -->
        <test-method status="PASS" signature="Verify_Page_Title_And_User_Is_Presented_At_Flight_Tab_In_Flight_Home_Page()[pri:0, instance:pageTests.FlightHomePageTest@14a2f921]" name="Verify_Page_Title_And_User_Is_Presented_At_Flight_Tab_In_Flight_Home_Page" duration-ms="58" started-at="2018-09-24T18:11:14Z" description="User is presented at flight tab when go to flight home page." finished-at="2018-09-24T18:11:15Z">
          <reporter-output>
          </reporter-output>
        </test-method> <!-- Verify_Page_Title_And_User_Is_Presented_At_Flight_Tab_In_Flight_Home_Page -->
        <test-method status="PASS" signature="afterClass()[pri:0, instance:pageTests.FlightHomePageTest@14a2f921]" name="afterClass" is-config="true" duration-ms="544" started-at="2018-09-24T18:11:15Z" finished-at="2018-09-24T18:11:15Z">
          <reporter-output>
          </reporter-output>
        </test-method> <!-- afterClass -->
        <test-method status="PASS" signature="beforeClass(java.lang.String)[pri:0, instance:pageTests.FlightHomePageTest@14a2f921]" name="beforeClass" is-config="true" duration-ms="8307" started-at="2018-09-24T18:11:15Z" finished-at="2018-09-24T18:11:23Z">
          <params>
            <param index="0">
              <value>
                <![CDATA[firefox]]>
              </value>
            </param>
          </params>
          <reporter-output>
          </reporter-output>
        </test-method> <!-- beforeClass -->
        <test-method status="PASS" signature="Verify_User_Can_Select_Different_Business_Class()[pri:0, instance:pageTests.FlightHomePageTest@14a2f921]" name="Verify_User_Can_Select_Different_Business_Class" duration-ms="359" started-at="2018-09-24T18:11:23Z" description="User can select different business class before searching for a flight" finished-at="2018-09-24T18:11:24Z">
          <reporter-output>
          </reporter-output>
        </test-method> <!-- Verify_User_Can_Select_Different_Business_Class -->
        <test-method status="PASS" signature="afterClass()[pri:0, instance:pageTests.FlightHomePageTest@14a2f921]" name="afterClass" is-config="true" duration-ms="550" started-at="2018-09-24T18:11:24Z" finished-at="2018-09-24T18:11:24Z">
          <reporter-output>
          </reporter-output>
        </test-method> <!-- afterClass -->
      </class> <!-- pageTests.FlightHomePageTest -->
      <class name="pageTests.FlightResultPageTest">
        <test-method status="PASS" signature="beforeSuite()[pri:0, instance:pageTests.FlightResultPageTest@212bf671]" name="beforeSuite" is-config="true" duration-ms="12" started-at="2018-09-24T18:08:41Z" finished-at="2018-09-24T18:08:41Z">
          <reporter-output>
          </reporter-output>
        </test-method> <!-- beforeSuite -->
        <test-method status="PASS" signature="beforeClass(java.lang.String)[pri:0, instance:pageTests.FlightResultPageTest@212bf671]" name="beforeClass" is-config="true" duration-ms="10586" started-at="2018-09-24T18:08:41Z" finished-at="2018-09-24T18:08:52Z">
          <params>
            <param index="0">
              <value>
                <![CDATA[firefox]]>
              </value>
            </param>
          </params>
          <reporter-output>
          </reporter-output>
        </test-method> <!-- beforeClass -->
        <test-method status="PASS" signature="Verify_There_Is_A_List_Of_Airline_Brands_That_User_Can_Select()[pri:0, instance:pageTests.FlightResultPageTest@212bf671]" name="Verify_There_Is_A_List_Of_Airline_Brands_That_User_Can_Select" duration-ms="43181" started-at="2018-09-24T18:08:52Z" description="User can see all airline brands after searching for a flight" finished-at="2018-09-24T18:09:35Z">
          <reporter-output>
          </reporter-output>
        </test-method> <!-- Verify_There_Is_A_List_Of_Airline_Brands_That_User_Can_Select -->
        <test-method status="PASS" signature="afterClass()[pri:0, instance:pageTests.FlightResultPageTest@212bf671]" name="afterClass" is-config="true" duration-ms="875" started-at="2018-09-24T18:09:35Z" finished-at="2018-09-24T18:09:36Z">
          <reporter-output>
          </reporter-output>
        </test-method> <!-- afterClass -->
        <test-method status="PASS" signature="beforeClass(java.lang.String)[pri:0, instance:pageTests.FlightResultPageTest@212bf671]" name="beforeClass" is-config="true" duration-ms="14765" started-at="2018-09-24T18:09:36Z" finished-at="2018-09-24T18:09:51Z">
          <params>
            <param index="0">
              <value>
                <![CDATA[firefox]]>
              </value>
            </param>
          </params>
          <reporter-output>
          </reporter-output>
        </test-method> <!-- beforeClass -->
        <test-method status="PASS" signature="Verify_There_Is_A_Progess_Bar_When_Ticket_Is_Being_Searched()[pri:0, instance:pageTests.FlightResultPageTest@212bf671]" name="Verify_There_Is_A_Progess_Bar_When_Ticket_Is_Being_Searched" duration-ms="11276" started-at="2018-09-24T18:09:51Z" description="User can see a progress bar when ticket being searched" finished-at="2018-09-24T18:10:02Z">
          <reporter-output>
          </reporter-output>
        </test-method> <!-- Verify_There_Is_A_Progess_Bar_When_Ticket_Is_Being_Searched -->
        <test-method status="PASS" signature="afterClass()[pri:0, instance:pageTests.FlightResultPageTest@212bf671]" name="afterClass" is-config="true" duration-ms="599" started-at="2018-09-24T18:10:02Z" finished-at="2018-09-24T18:10:03Z">
          <reporter-output>
          </reporter-output>
        </test-method> <!-- afterClass -->
        <test-method status="PASS" signature="beforeClass(java.lang.String)[pri:0, instance:pageTests.FlightResultPageTest@212bf671]" name="beforeClass" is-config="true" duration-ms="7911" started-at="2018-09-24T18:10:03Z" finished-at="2018-09-24T18:10:11Z">
          <params>
            <param index="0">
              <value>
                <![CDATA[firefox]]>
              </value>
            </param>
          </params>
          <reporter-output>
          </reporter-output>
        </test-method> <!-- beforeClass -->
        <test-method status="FAIL" signature="Verify_User_Can_Get_Cheapest_Price_After_Selecting_An_Airline_Brand()[pri:0, instance:pageTests.FlightResultPageTest@212bf671]" name="Verify_User_Can_Get_Cheapest_Price_After_Selecting_An_Airline_Brand" duration-ms="55403" started-at="2018-09-24T18:10:11Z" description="User can see cheapest price for a certain flight brand" finished-at="2018-09-24T18:11:06Z">
          <exception class="org.openqa.selenium.TimeoutException">
            <message>
              <![CDATA[Expected condition failed: waiting for visibility of element located by By.xpath: //div[@class='main_search_fares_form']/div[2]/div/div[3]/div[2]/div[2] (tried for 20 second(s) with 500 milliseconds interval)]]>
            </message>
            <full-stacktrace>
              <![CDATA[org.openqa.selenium.TimeoutException: Expected condition failed: waiting for visibility of element located by By.xpath: //div[@class='main_search_fares_form']/div[2]/div/div[3]/div[2]/div[2] (tried for 20 second(s) with 500 milliseconds interval)
at org.openqa.selenium.support.ui.WebDriverWait.timeoutException(WebDriverWait.java:81)
at org.openqa.selenium.support.ui.FluentWait.until(FluentWait.java:271)
at pageObjects.FlightHomePage.UserPickReturnDate(FlightHomePage.java:92)
at pageTests.FlightResultPageTest.Verify_User_Can_Get_Cheapest_Price_After_Selecting_An_Airline_Brand(FlightResultPageTest.java:54)
at sun.reflect.NativeMethodAccessorImpl.invoke0(Native Method)
at sun.reflect.NativeMethodAccessorImpl.invoke(NativeMethodAccessorImpl.java:62)
at sun.reflect.DelegatingMethodAccessorImpl.invoke(DelegatingMethodAccessorImpl.java:43)
at java.lang.reflect.Method.invoke(Method.java:498)
at org.testng.internal.MethodInvocationHelper.invokeMethod(MethodInvocationHelper.java:124)
at org.testng.internal.Invoker.invokeMethod(Invoker.java:583)
at org.testng.internal.Invoker.invokeTestMethod(Invoker.java:719)
at org.testng.internal.Invoker.invokeTestMethods(Invoker.java:989)
at org.testng.internal.TestMethodWorker.invokeTestMethods(TestMethodWorker.java:125)
at org.testng.internal.TestMethodWorker.run(TestMethodWorker.java:109)
at org.testng.TestRunner.privateRun(TestRunner.java:648)
at org.testng.TestRunner.run(TestRunner.java:505)
at org.testng.SuiteRunner.runTest(SuiteRunner.java:455)
at org.testng.SuiteRunner.runSequentially(SuiteRunner.java:450)
at org.testng.SuiteRunner.privateRun(SuiteRunner.java:415)
at org.testng.SuiteRunner.run(SuiteRunner.java:364)
at org.testng.SuiteRunnerWorker.runSuite(SuiteRunnerWorker.java:52)
at org.testng.SuiteRunnerWorker.run(SuiteRunnerWorker.java:84)
at org.testng.TestNG.runSuitesSequentially(TestNG.java:1208)
at org.testng.TestNG.runSuitesLocally(TestNG.java:1137)
at org.testng.TestNG.runSuites(TestNG.java:1049)
at org.testng.TestNG.run(TestNG.java:1017)
at org.apache.maven.surefire.testng.TestNGExecutor.run(TestNGExecutor.java:178)
at org.apache.maven.surefire.testng.TestNGXmlTestSuite.execute(TestNGXmlTestSuite.java:92)
at org.apache.maven.surefire.testng.TestNGProvider.invoke(TestNGProvider.java:96)
at sun.reflect.NativeMethodAccessorImpl.invoke0(Native Method)
at sun.reflect.NativeMethodAccessorImpl.invoke(NativeMethodAccessorImpl.java:62)
at sun.reflect.DelegatingMethodAccessorImpl.invoke(DelegatingMethodAccessorImpl.java:43)
at java.lang.reflect.Method.invoke(Method.java:498)
at org.apache.maven.surefire.util.ReflectionUtils.invokeMethodWithArray2(ReflectionUtils.java:208)
at org.apache.maven.surefire.booter.ProviderFactory$ProviderProxy.invoke(ProviderFactory.java:159)
at org.apache.maven.surefire.booter.ProviderFactory.invokeProvider(ProviderFactory.java:87)
at org.apache.maven.surefire.booter.ForkedBooter.runSuitesInProcess(ForkedBooter.java:153)
at org.apache.maven.surefire.booter.ForkedBooter.main(ForkedBooter.java:95)
Caused by: org.openqa.selenium.NoSuchElementException: Cannot locate an element using By.xpath: //div[@class='main_search_fares_form']/div[2]/div/div[3]/div[2]/div[2]
For documentation on this error, please visit: http://seleniumhq.org/exceptions/no_such_element.html
Build info: version: '3.11.0', revision: 'e59cfb3', time: '2018-03-11T20:26:55.152Z'
System info: host: 'QHUY', ip: '172.16.77.96', os.name: 'Windows 7', os.arch: 'amd64', os.version: '6.1', java.version: '1.8.0_161'
Driver info: driver.version: unknown
at org.openqa.selenium.support.ui.ExpectedConditions.lambda$findElement$0(ExpectedConditions.java:896)
at java.util.Optional.orElseThrow(Optional.java:290)
at org.openqa.selenium.support.ui.ExpectedConditions.findElement(ExpectedConditions.java:895)
at org.openqa.selenium.support.ui.ExpectedConditions.access$000(ExpectedConditions.java:44)
at org.openqa.selenium.support.ui.ExpectedConditions$7.apply(ExpectedConditions.java:206)
at org.openqa.selenium.support.ui.ExpectedConditions$7.apply(ExpectedConditions.java:202)
at org.openqa.selenium.support.ui.FluentWait.until(FluentWait.java:248)
... 36 more
]]>
            </full-stacktrace>
          </exception> <!-- org.openqa.selenium.TimeoutException -->
          <reporter-output>
          </reporter-output>
        </test-method> <!-- Verify_User_Can_Get_Cheapest_Price_After_Selecting_An_Airline_Brand -->
        <test-method status="PASS" signature="afterClass()[pri:0, instance:pageTests.FlightResultPageTest@212bf671]" name="afterClass" is-config="true" duration-ms="464" started-at="2018-09-24T18:11:06Z" finished-at="2018-09-24T18:11:07Z">
          <reporter-output>
          </reporter-output>
        </test-method> <!-- afterClass -->
        <test-method status="PASS" signature="afterSuite()[pri:0, instance:pageTests.FlightResultPageTest@212bf671]" name="afterSuite" is-config="true" duration-ms="1" started-at="2018-09-24T18:11:25Z" finished-at="2018-09-24T18:11:25Z">
          <reporter-output>
          </reporter-output>
        </test-method> <!-- afterSuite -->
      </class> <!-- pageTests.FlightResultPageTest -->
    </test> <!-- Firefox Test flight home page -->
  </suite> <!-- Suite -->
</testng-results>
